<?xml version="1.0" encoding="utf-8"?><testsuites name="pytest tests"><testsuite name="pytest" errors="0" failures="0" skipped="0" tests="243" time="12.207" timestamp="2026-09-05T22:59:43.506705-04:00" hostname="Rajeshs-MacBook-Air-5.local"><properties><property name="hypothesis-statistics-tests/integration/test_reproducibility.py::test_property_mass_balance_and_nonnegativity_hold" value="dGVzdHMvaW50ZWdyYXRpb24vdGVzdF9yZXByb2R1Y2liaWxpdHkucHk6OnRlc3RfcHJvcGVydHlfbWFzc19iYWxhbmNlX2FuZF9ub25uZWdhdGl2aXR5X2hvbGQ6CgogIC0gZHVyaW5nIGdlbmVyYXRlIHBoYXNlICgwLjQzIHNlY29uZHMpOgogICAgLSBUeXBpY2FsIHJ1bnRpbWVzOiB+IDMyLTY3IG1zLCBvZiB3aGljaCA8IDFtcyBpbiBkYXRhIGdlbmVyYXRpb24KICAgIC0gMTIgcGFzc2luZywgMCBmYWlsaW5nLCBhbmQgMCBpbnZhbGlkIHRlc3QgY2FzZXMKCiAgLSBTdG9wcGVkIGJlY2F1c2Ugc2V0dGluZ3MubWF4X2V4YW1wbGVzPTEy" /><property name="hypothesis-statistics-tests/unit/test_configs_and_regulatory.py::test_property_uncertain_never_eligible" value="dGVzdHMvdW5pdC90ZXN0X2NvbmZpZ3NfYW5kX3JlZ3VsYXRvcnkucHk6OnRlc3RfcHJvcGVydHlfdW5jZXJ0YWluX25ldmVyX2VsaWdpYmxlOgoKICAtIGR1cmluZyBnZW5lcmF0ZSBwaGFzZSAoMC44OCBzZWNvbmRzKToKICAgIC0gVHlwaWNhbCBydW50aW1lczogfiA4bXMsIG9mIHdoaWNoIDwgMW1zIGluIGRhdGEgZ2VuZXJhdGlvbgogICAgLSAxMDAgcGFzc2luZywgMCBmYWlsaW5nLCBhbmQgNCBpbnZhbGlkIHRlc3QgY2FzZXMKCiAgLSBTdG9wcGVkIGJlY2F1c2Ugc2V0dGluZ3MubWF4X2V4YW1wbGVzPTEwMA==" /><property name="hypothesis-statistics-tests/unit/test_schemas.py::test_property_ordered_fractions_always_load" value="dGVzdHMvdW5pdC90ZXN0X3NjaGVtYXMucHk6OnRlc3RfcHJvcGVydHlfb3JkZXJlZF9mcmFjdGlvbnNfYWx3YXlzX2xvYWQ6CgogIC0gZHVyaW5nIGdlbmVyYXRlIHBoYXNlICgwLjAzIHNlY29uZHMpOgogICAgLSBUeXBpY2FsIHJ1bnRpbWVzOiA8IDFtcywgb2Ygd2hpY2ggPCAxbXMgaW4gZGF0YSBnZW5lcmF0aW9uCiAgICAtIDEwMCBwYXNzaW5nLCAwIGZhaWxpbmcsIGFuZCAwIGludmFsaWQgdGVzdCBjYXNlcwoKICAtIFN0b3BwZWQgYmVjYXVzZSBzZXR0aW5ncy5tYXhfZXhhbXBsZXM9MTAw" /></properties><testcase classname="tests.integration.test_backcast" name="test_episodes_load_and_cover_required_classes" time="0.003" /><testcase classname="tests.integration.test_backcast" name="test_injected_site_failure_zeroes_capacity" time="0.016" /><testcase classname="tests.integration.test_backcast" name="test_chronic_shortage_backcast_is_consistent_with_ongoing_status" time="0.124" /><testcase classname="tests.integration.test_contract_and_os_levers" name="test_take_or_pay_defaults_off_and_charges_when_set" time="0.045" /><testcase classname="tests.integration.test_contract_and_os_levers" name="test_take_or_pay_scales_with_the_committed_fraction" time="0.001" /><testcase classname="tests.integration.test_contract_and_os_levers" name="test_quality_factors_default_to_the_global_values" time="0.000" /><testcase classname="tests.integration.test_contract_and_os_levers" name="test_quality_factors_reduce_deviations_and_investigation_time" time="0.028" /><testcase classname="tests.integration.test_contract_and_os_levers" name="test_quality_factors_cannot_push_a_rate_out_of_range" time="0.001" /><testcase classname="tests.integration.test_contract_and_os_levers" name="test_frozen_strategies_are_untouched_by_both_levers" time="0.113" /><testcase classname="tests.integration.test_design_space_analysis" name="test_every_extra_input_names_a_real_parameter" time="0.000" /><testcase classname="tests.integration.test_design_space_analysis" name="test_apply_sets_only_the_named_parameters" time="0.001" /><testcase classname="tests.integration.test_design_space_analysis" name="test_dominance_marks_the_frontier" time="0.000" /><testcase classname="tests.integration.test_design_space_analysis" name="test_evaluate_reports_per_strategy_rows" time="0.032" /><testcase classname="tests.integration.test_design_space_analysis" name="test_threshold_finds_a_capacity_crossing" time="0.087" /><testcase classname="tests.integration.test_design_space_analysis" name="test_threshold_reports_no_crossing_when_endpoints_agree" time="0.012" /><testcase classname="tests.integration.test_design_space_analysis" name="test_reversal_map_shape_and_preference" time="0.061" /><testcase classname="tests.integration.test_design_space_engine" name="test_generic_builder_reproduces_s5_when_capacity_factor_is_one" time="0.035" /><testcase classname="tests.integration.test_design_space_engine" name="test_generic_and_frozen_node_formulas_diverge_at_capacity_factor_above_one" time="0.000" /><testcase classname="tests.integration.test_design_space_engine" name="test_roster_appends_declared_entities_after_frozen_ones" time="0.002" /><testcase classname="tests.integration.test_design_space_engine" name="test_frozen_results_unchanged_with_design_space_strategy_in_batch" time="0.113" /><testcase classname="tests.integration.test_design_space_engine" name="test_warm_standby_exercises_on_cadence_without_activating" time="0.026" /><testcase classname="tests.integration.test_design_space_engine" name="test_activation_failure_probability_orders_fill_and_counts" time="0.097" /><testcase classname="tests.integration.test_design_space_engine" name="test_hub_bulk_supplier_feeds_the_spoke" time="0.027" /><testcase classname="tests.integration.test_design_space_engine" name="test_portfolio_shares_scale_capacity_and_fixed_cost" time="0.000" /><testcase classname="tests.integration.test_design_space_engine" name="test_serves_own_region_restricts_production_sizing_not_fallback_shipping" time="0.019" /><testcase classname="tests.integration.test_deterministic_design_space" name="test_replica_mode_refuses_a_declared_topology" time="0.000" /><testcase classname="tests.integration.test_deterministic_design_space" name="test_screen_inputs_come_from_the_built_runtime" time="0.000" /><testcase classname="tests.integration.test_deterministic_design_space" name="test_independent_api_lowers_the_common_impact_factor" time="0.000" /><testcase classname="tests.integration.test_deterministic_design_space" name="test_reserved_capacity_is_not_counted_as_capacity" time="0.000" /><testcase classname="tests.integration.test_deterministic_design_space" name="test_corrected_screen_row_runs_for_a_declared_topology" time="0.000" /><testcase classname="tests.integration.test_extremes" name="test_zero_demand_no_shortage_no_variable_cost_fixed_cost_remains" time="0.006" /><testcase classname="tests.integration.test_extremes" name="test_zero_capacity_serves_only_initial_stock" time="0.008" /><testcase classname="tests.integration.test_extremes" name="test_infinite_supply_fill_rate_approaches_one" time="0.011" /><testcase classname="tests.integration.test_extremes" name="test_no_failures_reproduces_deterministic_throughput" time="0.011" /><testcase classname="tests.integration.test_extremes" name="test_independent_sites_help_and_perfectly_correlated_sites_do_not" time="0.084" /><testcase classname="tests.integration.test_extremes" name="test_zero_shelf_life_makes_stockpiling_infeasible" time="0.012" /><testcase classname="tests.integration.test_extremes" name="test_infinite_shelf_life_has_no_expiry_but_carrying_cost" time="0.011" /><testcase classname="tests.integration.test_extremes" name="test_release_assurance_with_zero_benefit_reduces_to_conventional" time="0.036" /><testcase classname="tests.integration.test_extremes" name="test_total_abstention_has_no_release_time_benefit" time="0.024" /><testcase classname="tests.integration.test_extremes" name="test_full_release_assurance_saves_no_days_when_sterility_binds" time="0.048" /><testcase classname="tests.integration.test_extremes" name="test_r3_cannot_be_instantiated_without_permission" time="0.000" /><testcase classname="tests.integration.test_extremes" name="test_metrics_are_finite_and_ledgers_nonnegative" time="0.093" /><testcase classname="tests.integration.test_model_defect_fixes" name="test_md7_expansion_above_the_status_quo_scale_waits_to_be_commissioned" time="0.000" /><testcase classname="tests.integration.test_model_defect_fixes" name="test_md7_a_plant_at_or_below_the_status_quo_scale_has_no_ramp" time="0.000" /><testcase classname="tests.integration.test_model_defect_fixes" name="test_md7_instant_expansion_restores_the_previous_behaviour" time="0.053" /><testcase classname="tests.integration.test_model_defect_fixes" name="test_md7_contracted_capacity_is_not_ramped" time="0.000" /><testcase classname="tests.integration.test_model_defect_fixes" name="test_md6_fixed_operations_do_not_accrue_before_a_site_exists" time="0.074" /><testcase classname="tests.integration.test_model_defect_fixes" name="test_md6_open_backlog_at_the_horizon_is_reported_not_charged" time="0.024" /><testcase classname="tests.integration.test_model_defect_fixes" name="test_md4_opening_stock_is_not_all_stamped_with_the_same_expiry" time="0.002" /><testcase classname="tests.integration.test_model_defect_fixes" name="test_md4_more_opening_stock_is_not_harmful" time="0.047" /><testcase classname="tests.integration.test_model_defect_fixes" name="test_md14_a_reserved_line_telo_does_not_own_carries_no_capital" time="0.000" /><testcase classname="tests.integration.test_model_defect_fixes" name="test_md14_an_owned_standby_line_still_carries_its_asset" time="0.000" /><testcase classname="tests.integration.test_model_defect_fixes" name="test_md14_the_cost_boundary_change_lowers_the_reserved_strategy_cost" time="0.054" /><testcase classname="tests.integration.test_model_defect_fixes" name="test_md2_the_reorder_point_covers_at_least_one_batch" time="0.000" /><testcase classname="tests.integration.test_model_defect_fixes" name="test_md2_short_component_leads_no_longer_stall_the_store" time="0.060" /><testcase classname="tests.integration.test_model_defect_fixes" name="test_md13_more_nodes_than_regions_are_placed_round_robin" time="0.000" /><testcase classname="tests.integration.test_model_defect_fixes" name="test_md13_four_nodes_are_unchanged" time="0.000" /><testcase classname="tests.integration.test_model_defect_fixes" name="test_md9_utilization_denominator_covers_the_sites_the_numerator_counts" time="0.001" /><testcase classname="tests.integration.test_model_defect_fixes" name="test_md10_an_absent_addin_arm_makes_the_bracket_undefined" time="0.000" /><testcase classname="tests.integration.test_model_defect_fixes" name="test_md16_p_meet_carries_its_binomial_standard_error" time="0.000" /><testcase classname="tests.integration.test_model_defect_fixes" name="test_site_runtime_ramp_is_inert_by_default" time="0.000" /><testcase classname="tests.integration.test_model_defect_fixes" name="test_md19_a_degraded_supplier_stretches_the_order_in_proportion" time="0.000" /><testcase classname="tests.integration.test_model_defect_fixes" name="test_md19_full_and_zero_capacity_are_unchanged" time="0.000" /><testcase classname="tests.integration.test_model_defect_fixes" name="test_md19_frozen_comparators_are_unchanged" time="0.028" /><testcase classname="tests.integration.test_model_defect_fixes" name="test_md20_the_screen_credits_a_reserved_line_and_charges_its_contract" time="0.059" /><testcase classname="tests.integration.test_model_defect_fixes" name="test_md20_a_reserved_line_with_no_exercise_cadence_is_credited_nothing" time="0.058" /><testcase classname="tests.integration.test_model_defect_fixes" name="test_md21_a_reservation_fee_does_not_accrue_before_the_line_exists" time="0.111" /><testcase classname="tests.integration.test_model_defect_fixes" name="test_md17_commissioning_clock_starts_at_the_measured_window" time="1.134" /><testcase classname="tests.integration.test_model_defect_fixes" name="test_md17_metric_is_capacity_weighted_and_bounded" time="0.618" /><testcase classname="tests.integration.test_optimization" name="test_relaxing_the_service_constraint_cannot_worsen_the_optimum" time="0.199" /><testcase classname="tests.integration.test_optimization" name="test_status_quo_is_infeasible_for_a_capacity_short_product" time="0.032" /><testcase classname="tests.integration.test_optimization" name="test_excluded_strategy_is_not_optimized" time="0.000" /><testcase classname="tests.integration.test_ranking_defect_fixes" name="test_new1_opening_inventory_is_charged_and_scales_with_the_stock_policy" time="0.072" /><testcase classname="tests.integration.test_ranking_defect_fixes" name="test_new1_charge_equals_opening_units_at_production_unit_value" time="0.037" /><testcase classname="tests.integration.test_ranking_defect_fixes" name="test_new1_ledger_total_includes_the_new_field" time="0.037" /><testcase classname="tests.integration.test_ranking_defect_fixes" name="test_md12_every_frozen_strategy_gets_the_matched_inventory_space" time="0.000" /><testcase classname="tests.integration.test_ranking_defect_fixes" name="test_md12_legacy_spaces_are_kept_for_reproducibility" time="0.000" /><testcase classname="tests.integration.test_ranking_defect_fixes" name="test_md1_opening_material_position_is_lead_independent" time="0.008" /><testcase classname="tests.integration.test_ranking_defect_fixes" name="test_md1_cycle_cover_above_the_reorder_point_is_lead_independent" time="0.000" /><testcase classname="tests.integration.test_ranking_defect_fixes" name="test_md11_tolerance_is_positive_and_scales_with_the_screen" time="0.000" /><testcase classname="tests.integration.test_ranking_defect_fixes" name="test_md11_a_fill_gain_inside_the_noise_does_not_buy_a_cost_increase" time="0.000" /><testcase classname="tests.integration.test_ranking_defect_fixes" name="test_new2_default_regions_are_identical_and_a_spread_separates_them" time="0.000" /><testcase classname="tests.integration.test_ranking_defect_fixes" name="test_new2_policies_are_inert_when_regions_are_identical_and_differ_when_not" time="0.232" /><testcase classname="tests.integration.test_ranking_defect_fixes" name="test_md23_any_batch_restarts_the_readiness_clock" time="0.000" /><testcase classname="tests.integration.test_ranking_defect_fixes" name="test_md24_a_commitment_buys_priority_access" time="0.058" /><testcase classname="tests.integration.test_region_policy" name="test_base_stock_holds_more_inventory_and_never_lowers_fill_in_a_quiet_world" time="0.031" /><testcase classname="tests.integration.test_region_policy" name="test_base_stock_beats_legacy_rule_under_site_failures" time="0.179" /><testcase classname="tests.integration.test_region_policy" name="test_explicit_reorder_point_reproduces_base_stock_and_legacy_exactly" time="0.052" /><testcase classname="tests.integration.test_region_policy" name="test_component_lead_fraction_default_is_legacy_and_shorter_lead_never_hurts" time="0.044" /><testcase classname="tests.integration.test_region_policy" name="test_runtime_notes_flag_the_base_stock_rule_only_when_used" time="0.000" /><testcase classname="tests.integration.test_release_benchmark" name="test_joint_metrics_denominators" time="0.000" /><testcase classname="tests.integration.test_release_benchmark" name="test_tablet_data_shapes" time="0.000" /><testcase classname="tests.integration.test_release_benchmark" name="test_benchmark_reproduces_shift_collapse_and_gate_abstention" time="1.759" /><testcase classname="tests.integration.test_release_benchmark" name="test_synthetic_faults_change_spectra" time="0.001" /><testcase classname="tests.integration.test_release_benchmark" name="test_fixed_eight_components_mode_runs_and_is_reported_separately" time="1.263" /><testcase classname="tests.integration.test_reproducibility" name="test_same_seed_same_events_different_seed_different_events" time="0.035" /><testcase classname="tests.integration.test_reproducibility" name="test_common_random_numbers_world_identical_across_strategies" time="0.003" /><testcase classname="tests.integration.test_reproducibility" name="test_adding_an_entity_does_not_change_other_entities_draws" time="0.002" /><testcase classname="tests.integration.test_reproducibility" name="test_paired_strategies_share_demand_and_disruptions" time="0.040" /><testcase classname="tests.integration.test_reproducibility" name="test_property_mass_balance_and_nonnegativity_hold" time="0.436" /><testcase classname="tests.regression.test_frozen_strategies" name="test_frozen_strategies_reproduce_pre_extension_digests" time="0.530" /><testcase classname="tests.regression.test_workbook_reconciliation" name="test_workbook_snapshot_hash_is_frozen" time="0.001" /><testcase classname="tests.regression.test_workbook_reconciliation" name="test_config_inputs_match_workbook_inputs" time="0.159" /><testcase classname="tests.regression.test_workbook_reconciliation" name="test_replica_reconciles_every_cached_cell" time="0.453" /><testcase classname="tests.regression.test_workbook_reconciliation" name="test_corrected_variant_differs_only_in_documented_columns" time="0.028" /><testcase classname="tests.unit.test_ablation" name="test_factor_registry_is_consistent" time="0.025" /><testcase classname="tests.unit.test_ablation" name="test_apply_no_factors_is_identity_and_does_not_mutate" time="0.003" /><testcase classname="tests.unit.test_ablation" name="test_each_factor_changes_only_its_intended_fields[capacity_shortfall]" time="0.001" /><testcase classname="tests.unit.test_ablation" name="test_each_factor_changes_only_its_intended_fields[surge_headroom]" time="0.001" /><testcase classname="tests.unit.test_ablation" name="test_each_factor_changes_only_its_intended_fields[inventory_timing]" time="0.000" /><testcase classname="tests.unit.test_ablation" name="test_each_factor_changes_only_its_intended_fields[api_lead_time]" time="0.001" /><testcase classname="tests.unit.test_ablation" name="test_each_factor_changes_only_its_intended_fields[component_lead_time]" time="0.000" /><testcase classname="tests.unit.test_ablation" name="test_each_factor_changes_only_its_intended_fields[material_buffer]" time="0.000" /><testcase classname="tests.unit.test_ablation" name="test_each_factor_changes_only_its_intended_fields[release_queue]" time="0.002" /><testcase classname="tests.unit.test_ablation" name="test_each_factor_changes_only_its_intended_fields[sterility_delay]" time="0.001" /><testcase classname="tests.unit.test_ablation" name="test_each_factor_changes_only_its_intended_fields[deviation_rejection]" time="0.001" /><testcase classname="tests.unit.test_ablation" name="test_each_factor_changes_only_its_intended_fields[demand_variance]" time="0.001" /><testcase classname="tests.unit.test_ablation" name="test_each_factor_changes_only_its_intended_fields[demand_covariance]" time="0.001" /><testcase classname="tests.unit.test_ablation" name="test_each_factor_changes_only_its_intended_fields[common_cause]" time="0.001" /><testcase classname="tests.unit.test_ablation" name="test_each_factor_changes_only_its_intended_fields[supplier_concentration]" time="0.001" /><testcase classname="tests.unit.test_ablation" name="test_each_factor_changes_only_its_intended_fields[site_failures]" time="0.001" /><testcase classname="tests.unit.test_ablation" name="test_each_factor_changes_only_its_intended_fields[contract_insufficiency]" time="0.001" /><testcase classname="tests.unit.test_ablation" name="test_each_factor_changes_only_its_intended_fields[regulatory_unavailability]" time="0.001" /><testcase classname="tests.unit.test_ablation" name="test_each_factor_changes_only_its_intended_fields[commissioning_delay]" time="0.001" /><testcase classname="tests.unit.test_ablation" name="test_each_factor_changes_only_its_intended_fields[fixed_quality_cost]" time="0.001" /><testcase classname="tests.unit.test_ablation" name="test_each_factor_changes_only_its_intended_fields[replicated_validation_cost]" time="0.001" /><testcase classname="tests.unit.test_ablation" name="test_each_factor_changes_only_its_intended_fields[capital_cost]" time="0.001" /><testcase classname="tests.unit.test_ablation" name="test_each_factor_changes_only_its_intended_fields[lost_sales_window]" time="0.001" /><testcase classname="tests.unit.test_ablation" name="test_each_factor_changes_only_its_intended_fields[horizon_10y]" time="0.000" /><testcase classname="tests.unit.test_ablation" name="test_horizon_and_listing_overrides" time="0.001" /><testcase classname="tests.unit.test_ablation" name="test_capacity_shortfall_targets_status_quo_utilization" time="0.001" /><testcase classname="tests.unit.test_ablation" name="test_extra_design_overrides_apply_after_factors" time="0.000" /><testcase classname="tests.unit.test_ablation" name="test_unknown_factor_raises" time="0.000" /><testcase classname="tests.unit.test_ablation" name="test_default_configs_cover_every_factor" time="0.000" /><testcase classname="tests.unit.test_ablation" name="test_pair_configs_enumerates_subsets_of_size_two_or_more" time="0.000" /><testcase classname="tests.unit.test_ablation" name="test_attribution_deltas_and_shares" time="0.000" /><testcase classname="tests.unit.test_ablation" name="test_attribution_is_nan_safe_without_quiet_world" time="0.000" /><testcase classname="tests.unit.test_ablation" name="test_load_design_variables_picks_best_else_closest_grid" time="0.005" /><testcase classname="tests.unit.test_acquire" name="test_crawl_delay_and_hit_rate_both_parsed" time="0.002" /><testcase classname="tests.unit.test_acquire" name="test_registry_file_loads_and_has_human_and_auto_sources" time="0.014" /><testcase classname="tests.unit.test_acquire" name="test_visiting_window_overnight" time="0.000" /><testcase classname="tests.unit.test_acquire" name="test_successful_fetch_writes_payload_and_manifest" time="0.003" /><testcase classname="tests.unit.test_acquire" name="test_robots_disallow_becomes_human_task_without_fetching" time="0.001" /><testcase classname="tests.unit.test_acquire" name="test_visiting_hours_respected_and_overridable" time="0.001" /><testcase classname="tests.unit.test_acquire" name="test_size_cap_abandons_payload" time="0.001" /><testcase classname="tests.unit.test_acquire" name="test_size_cap_without_content_length_abandons_mid_stream" time="0.001" /><testcase classname="tests.unit.test_acquire" name="test_http_error_is_recorded_not_raised" time="0.001" /><testcase classname="tests.unit.test_acquire" name="test_human_source_writes_task_only" time="0.001" /><testcase classname="tests.unit.test_configs_and_regulatory" name="test_global_and_products_load_and_are_all_illustrative" time="0.025" /><testcase classname="tests.unit.test_configs_and_regulatory" name="test_strategies_load_in_protocol_order" time="0.003" /><testcase classname="tests.unit.test_configs_and_regulatory" name="test_all_strategies_are_no_conclusion_while_gates_uncertain" time="0.008" /><testcase classname="tests.unit.test_configs_and_regulatory" name="test_fail_excludes_and_all_pass_is_eligible" time="0.008" /><testcase classname="tests.unit.test_configs_and_regulatory" name="test_r3_requires_s6_eligible_and_g15_pass" time="0.008" /><testcase classname="tests.unit.test_configs_and_regulatory" name="test_property_uncertain_never_eligible" time="0.883" /><testcase classname="tests.unit.test_configs_and_regulatory" name="test_every_gate_combination_with_uncertain_is_not_eligible_for_s7" time="0.015" /><testcase classname="tests.unit.test_contracting" name="test_terms_report_what_is_unanswered" time="0.000" /><testcase classname="tests.unit.test_contracting" name="test_requirement_arithmetic_at_the_break_even_price" time="0.000" /><testcase classname="tests.unit.test_contracting" name="test_requirement_at_a_supplied_price_can_be_impossible" time="0.000" /><testcase classname="tests.unit.test_contracting" name="test_take_or_pay_fraction_can_exceed_one" time="0.000" /><testcase classname="tests.unit.test_contracting" name="test_utilization_and_fixed_cost_ceilings" time="0.000" /><testcase classname="tests.unit.test_contracting" name="test_zero_delivery_is_an_error_not_a_number" time="0.000" /><testcase classname="tests.unit.test_design_space_schema" name="test_s8_requires_site_plans" time="0.001" /><testcase classname="tests.unit.test_design_space_schema" name="test_frozen_ids_reject_site_plans" time="0.000" /><testcase classname="tests.unit.test_design_space_schema" name="test_duplicate_site_ids_rejected" time="0.000" /><testcase classname="tests.unit.test_design_space_schema" name="test_reserved_only_fields_need_reserved" time="0.000" /><testcase classname="tests.unit.test_design_space_schema" name="test_503b_pathway_requires_503b_archetype" time="0.000" /><testcase classname="tests.unit.test_design_space_schema" name="test_503b_pathway_strategy_is_not_durable" time="0.000" /><testcase classname="tests.unit.test_design_space_schema" name="test_supplier_spec_needs_exactly_one_lead_time" time="0.000" /><testcase classname="tests.unit.test_design_space_schema" name="test_design_variable_spec_rejects_inverted_bounds" time="0.000" /><testcase classname="tests.unit.test_design_space_schema" name="test_valid_s8_with_profile_round_trips" time="0.000" /><testcase classname="tests.unit.test_design_space_schema" name="test_load_design_space_strategies_rejects_frozen_ids" time="0.004" /><testcase classname="tests.unit.test_design_space_schema" name="test_load_design_space_strategies_rejects_duplicates" time="0.003" /><testcase classname="tests.unit.test_design_space_schema" name="test_load_design_space_strategies_missing_file_is_empty" time="0.000" /><testcase classname="tests.unit.test_design_space_schema" name="test_load_all_strategies_is_frozen_then_extras_in_order" time="0.009" /><testcase classname="tests.unit.test_design_space_schema" name="test_unmapped_strategy_is_never_eligible" time="0.008" /><testcase classname="tests.unit.test_design_space_schema" name="test_configured_design_space_ids_are_gated_by_analysis_not_by_omission" time="0.062" /><testcase classname="tests.unit.test_design_space_schema" name="test_evaluate_all_covers_every_strategy_id" time="0.062" /><testcase classname="tests.unit.test_design_space_schema" name="test_space_for_frozen_and_declared" time="0.003" /><testcase classname="tests.unit.test_deterministic" name="test_replica_row_5_matches_workbook_cached_values" time="0.027" /><testcase classname="tests.unit.test_deterministic" name="test_corrected_variant_caps_delivery_and_uses_delivered_denominator" time="0.000" /><testcase classname="tests.unit.test_deterministic" name="test_corrected_equals_replica_when_capacity_suffices_except_documented_terms" time="0.000" /><testcase classname="tests.unit.test_deterministic" name="test_screen_never_ranks_safety_stock_or_release_time" time="0.000" /><testcase classname="tests.unit.test_deterministic" name="test_dashboard_replica_uses_typed_flags_and_gate_mode_reports_unresolved" time="0.008" /><testcase classname="tests.unit.test_deterministic" name="test_zero_demand_is_handled_without_division_error" time="0.000" /><testcase classname="tests.unit.test_economics" name="test_crf_matches_workbook_typed_constants" time="0.000" /><testcase classname="tests.unit.test_economics" name="test_crf_zero_rate_is_straight_line" time="0.000" /><testcase classname="tests.unit.test_economics" name="test_crf_rejects_bad_inputs" time="0.000" /><testcase classname="tests.unit.test_economics" name="test_ledger_total_and_per_unit" time="0.000" /><testcase classname="tests.unit.test_economics" name="test_icer_dominance_labels" time="0.000" /><testcase classname="tests.unit.test_economics" name="test_break_even_and_premium" time="0.000" /><testcase classname="tests.unit.test_figures" name="test_figure_refused_without_units_or_caption" time="0.008" /><testcase classname="tests.unit.test_figures" name="test_frontier_writes_png_and_metadata" time="0.057" /><testcase classname="tests.unit.test_product_architecture" name="test_every_dossier_yields_a_feature_record" time="0.016" /><testcase classname="tests.unit.test_product_architecture" name="test_frozen_snapshot_values_are_read_not_guessed" time="0.000" /><testcase classname="tests.unit.test_product_architecture" name="test_unlisted_product_and_missing_config" time="0.000" /><testcase classname="tests.unit.test_product_architecture" name="test_features_from_dossier_handles_absent_sources" time="0.000" /><testcase classname="tests.unit.test_product_architecture" name="test_csv_round_trip" time="0.001" /><testcase classname="tests.unit.test_product_selection" name="test_longlist_loads_with_at_least_five" time="0.003" /><testcase classname="tests.unit.test_product_selection" name="test_fda_csv_reader_handles_leading_blank_line_and_padded_headers" time="0.000" /><testcase classname="tests.unit.test_product_selection" name="test_bulks_list_status_detects_not_included" time="0.000" /><testcase classname="tests.unit.test_product_selection" name="test_dossier_from_fixture_snapshots" time="0.007" /><testcase classname="tests.unit.test_product_selection" name="test_lyophilized_candidate_fails_manufacturing_gate" time="0.000" /><testcase classname="tests.unit.test_provenance" name="test_stable_hash64_is_deterministic" time="0.000" /><testcase classname="tests.unit.test_provenance" name="test_hash_config_is_order_independent" time="0.000" /><testcase classname="tests.unit.test_provenance" name="test_protocol_loads_and_is_frozen" time="0.017" /><testcase classname="tests.unit.test_provenance" name="test_gates_load_all_uncertain_and_r3_gate_present" time="0.008" /><testcase classname="tests.unit.test_provenance" name="test_auto_snapshot_requires_payload_fields" time="0.000" /><testcase classname="tests.unit.test_provenance" name="test_write_and_read_snapshot_roundtrip" time="0.001" /><testcase classname="tests.unit.test_provenance" name="test_human_snapshot_records_task_without_payload" time="0.001" /><testcase classname="tests.unit.test_release_benchmark_ext" name="test_ds_identity_when_instruments_agree" time="0.000" /><testcase classname="tests.unit.test_release_benchmark_ext" name="test_ds_recovers_a_linear_channel_mixing" time="0.000" /><testcase classname="tests.unit.test_release_benchmark_ext" name="test_instrument_standardization_identity_and_affine_repair" time="0.000" /><testcase classname="tests.unit.test_release_benchmark_ext" name="test_risk_coverage_hand_case_with_tie_block" time="0.000" /><testcase classname="tests.unit.test_release_benchmark_ext" name="test_aurc_perfect_ranking_has_zero_excess_and_empty_is_nan" time="0.000" /><testcase classname="tests.unit.test_release_benchmark_ext" name="test_tune_threshold_picks_smallest_reaching_target_or_falls_back" time="0.000" /><testcase classname="tests.unit.test_release_benchmark_ext" name="test_holdout_matrix_shape_and_bounds" time="0.004" /><testcase classname="tests.unit.test_release_benchmark_ext" name="test_cost_parameters_trace_to_configs_and_curve_arithmetic" time="0.039" /><testcase classname="tests.unit.test_release_benchmark_ext" name="test_gate_and_selection_options_validate_and_q_gate_evaluates" time="0.021" /><testcase classname="tests.unit.test_schemas" name="test_fraction_outside_unit_interval_rejected" time="0.000" /><testcase classname="tests.unit.test_schemas" name="test_probability_negative_rejected" time="0.000" /><testcase classname="tests.unit.test_schemas" name="test_negative_cost_rejected" time="0.000" /><testcase classname="tests.unit.test_schemas" name="test_non_integer_count_rejected" time="0.000" /><testcase classname="tests.unit.test_schemas" name="test_low_base_high_ordering_enforced" time="0.000" /><testcase classname="tests.unit.test_schemas" name="test_bounds_must_contain_values" time="0.000" /><testcase classname="tests.unit.test_schemas" name="test_future_access_date_rejected" time="0.000" /><testcase classname="tests.unit.test_schemas" name="test_ancient_access_date_rejected" time="0.000" /><testcase classname="tests.unit.test_schemas" name="test_tier1_requires_source_and_date" time="0.000" /><testcase classname="tests.unit.test_schemas" name="test_tier5_must_be_marked_illustrative" time="0.000" /><testcase classname="tests.unit.test_schemas" name="test_sourced_tier_cannot_be_illustrative" time="0.000" /><testcase classname="tests.unit.test_schemas" name="test_missing_status_forbids_values" time="0.000" /><testcase classname="tests.unit.test_schemas" name="test_distribution_support_checked_against_dimension" time="0.000" /><testcase classname="tests.unit.test_schemas" name="test_distribution_requires_family_params" time="0.000" /><testcase classname="tests.unit.test_schemas" name="test_property_ordered_fractions_always_load" time="0.031" /><testcase classname="tests.unit.test_schemas" name="test_parameter_set_keys_match_ids" time="0.000" /><testcase classname="tests.unit.test_schemas" name="test_gate_defaults_to_uncertain" time="0.000" /><testcase classname="tests.unit.test_schemas" name="test_gate_pass_requires_reviewer_and_date" time="0.000" /><testcase classname="tests.unit.test_schemas" name="test_gate_status_cannot_be_flipped_to_pass_by_assignment" time="0.000" /><testcase classname="tests.unit.test_schemas" name="test_r3_only_on_s6" time="0.000" /><testcase classname="tests.unit.test_schemas" name="test_503b_pathway_only_s7_and_not_durable" time="0.000" /><testcase classname="tests.unit.test_schemas" name="test_out_of_archetype_product_needs_explicit_flag" time="0.000" /><testcase classname="tests.unit.test_schemas" name="test_inventory_lot_expiry_after_release" time="0.000" /><testcase classname="tests.unit.test_sensitivity_methods" name="test_prcc_recovers_monotone_dependence" time="0.001" /><testcase classname="tests.unit.test_sensitivity_methods" name="test_sobol_on_ishigami_matches_known_indices" time="0.011" /></testsuite></testsuites>